[INFO]: Starting test: EicarTest AT 11 Jan 24 10:23 GMT
[ERROR]: open ./out1.txt: The system cannot find the file specified. AT 11 Jan 24 10:23 GMT
[INFO]: Starting test: EicarTest AT 11 Jan 24 17:45 GMT
[ERROR]: open ./out1.txt: The system cannot find the file specified. AT 11 Jan 24 17:45 GMT
[INFO]: Starting test: EicarTest AT 11 Jan 24 17:55 GMT
[ERROR]: open ./out1.txt: The system cannot find the file specified. AT 11 Jan 24 17:55 GMT
[INFO]: Starting test: EicarTest AT 11 Jan 24 18:05 GMT
[ERROR]: open ./out1.txt: The system cannot find the file specified. AT 11 Jan 24 18:05 GMT
[INFO]: Starting test: EicarTest AT 11 Jan 24 18:08 GMT
[ERROR]: open ./out1.txt: The system cannot find the file specified. AT 11 Jan 24 18:08 GMT
[INFO]: Starting test: EicarTest AT 11 Jan 24 18:21 GMT
[ERROR]: open ./out1.txt: The system cannot find the file specified. AT 11 Jan 24 18:21 GMT
[INFO]: Starting test: EicarTest AT 11 Jan 24 18:23 GMT
[ERROR]: open ./out1.txt: The system cannot find the file specified. AT 11 Jan 24 18:23 GMT
[INFO]: Starting test: EicarTest AT 11 Jan 24 18:29 GMT
[ERROR]: open ./out1.txt: The system cannot find the file specified. AT 11 Jan 24 18:29 GMT
[INFO]: Starting test: EicarTest AT 11 Jan 24 18:35 GMT
[ERROR]: open ./out1.txt: The system cannot find the file specified. AT 11 Jan 24 18:35 GMT
[INFO]: Starting test: EicarTest AT 12 Jan 24 11:36 GMT
[ERROR]: open ./out1.txt: The system cannot find the file specified. AT 12 Jan 24 11:36 GMT
[INFO]: Starting test: EicarTest AT 12 Jan 24 11:42 GMT
[ERROR]: open ./out1.txt: The system cannot find the file specified. AT 12 Jan 24 11:42 GMT
[INFO]: Starting test: EicarTest AT 12 Jan 24 13:24 GMT
[ERROR]: open ./out1.txt: The system cannot find the file specified. AT 12 Jan 24 13:25 GMT
[INFO]: Starting test: EicarTest AT 12 Jan 24 13:29 GMT
[ERROR]: open ./out1.txt: The system cannot find the file specified. AT 12 Jan 24 13:29 GMT
[INFO]: Starting test: EicarTest AT 12 Jan 24 13:30 GMT
[ERROR]: open ./out1.txt: The system cannot find the file specified. AT 12 Jan 24 13:30 GMT
[INFO]: Starting test: EicarTest AT 12 Jan 24 13:34 GMT
[ERROR]: open ./out1.txt: The system cannot find the file specified. AT 12 Jan 24 13:34 GMT
[INFO]: Starting test: EicarTest AT 12 Jan 24 13:37 GMT
[ERROR]: open ./out1.txt: The system cannot find the file specified. AT 12 Jan 24 13:37 GMT
[INFO]: Starting test: EicarTest AT 12 Jan 24 13:49 GMT
[ERROR]: open ./out1.txt: The system cannot find the file specified. AT 12 Jan 24 13:49 GMT
[INFO]: Starting test: EicarTest AT 12 Jan 24 13:55 GMT
[ERROR]: open ./out1.txt: The system cannot find the file specified. AT 12 Jan 24 13:55 GMT
[INFO]: Starting test: EicarTest AT 22 Jan 24 15:20 GMT
[ERROR]: open ./out1.txt: The system cannot find the file specified. AT 22 Jan 24 15:20 GMT
[INFO]: Starting test: EicarTest AT 25 Jan 24 12:14 GMT
[ERROR]: open ./out1.txt: The system cannot find the file specified. AT 25 Jan 24 12:14 GMT
[INFO]: Starting test: EicarTest AT 25 Jan 24 12:17 GMT
[ERROR]: open ./out1.txt: The system cannot find the file specified. AT 25 Jan 24 12:17 GMT
[INFO]: Starting test: EicarTest AT 25 Jan 24 12:21 GMT
[ERROR]: open ./out1.txt: The system cannot find the file specified. AT 25 Jan 24 12:21 GMT
[INFO]: Starting test: EicarTest AT 25 Jan 24 12:28 GMT
[ERROR]: open ./out1.txt: The system cannot find the file specified. AT 25 Jan 24 12:28 GMT
[INFO]: Starting test: EicarTest AT 25 Jan 24 12:43 GMT
[ERROR]: open ./out1.txt: The system cannot find the file specified. AT 25 Jan 24 12:43 GMT
[INFO]: Starting test: EicarTest AT 25 Jan 24 12:46 GMT
[ERROR]: open ./out1.txt: The system cannot find the file specified. AT 25 Jan 24 12:46 GMT
[INFO]: Starting test: EicarTest AT 25 Jan 24 12:51 GMT
[ERROR]: open ./out1.txt: The system cannot find the file specified. AT 25 Jan 24 12:51 GMT
[INFO]: Starting test: EicarTest AT 25 Jan 24 12:52 GMT
[ERROR]: open ./out1.txt: The system cannot find the file specified. AT 25 Jan 24 12:52 GMT
[INFO]: Starting test: EicarTest AT 25 Jan 24 12:55 GMT
[ERROR]: open ./out1.txt: The system cannot find the file specified. AT 25 Jan 24 12:55 GMT
[INFO]: Starting test: EicarTest AT 25 Jan 24 12:56 GMT
[ERROR]: open ./out1.txt: The system cannot find the file specified. AT 25 Jan 24 12:56 GMT
[INFO]: Starting test: EicarTest AT 25 Jan 24 12:57 GMT
[ERROR]: open ./out1.txt: The system cannot find the file specified. AT 25 Jan 24 12:58 GMT
[INFO]: Starting test: EicarTest AT 25 Jan 24 13:46 GMT
[ERROR]: open ./out1.txt: The system cannot find the file specified. AT 25 Jan 24 13:46 GMT
[INFO]: Starting test: EicarTest AT 25 Jan 24 13:48 GMT
[ERROR]: open ./out1.txt: The system cannot find the file specified. AT 25 Jan 24 13:48 GMT
[INFO]: Starting test: EicarTest AT 25 Jan 24 14:44 GMT
[ERROR]: open ./out1.txt: The system cannot find the file specified. AT 25 Jan 24 14:44 GMT
[INFO]: Starting test: EicarTest AT 25 Jan 24 18:17 GMT
[ERROR]: open ./out1.txt: The system cannot find the file specified. AT 25 Jan 24 18:17 GMT
